2020-03-28 19:04:38,921 :DEBUG : test_gmail :hello
2020-03-28 19:06:35,588 :DEBUG : test_gmail :hello
2020-03-28 19:07:38,643 :DEBUG : test_gmail :hello
2020-03-28 19:10:44,044 :DEBUG : test_gmail :hello
2020-03-28 19:11:52,668 :DEBUG : test_gmail :hello
2020-03-28 19:12:35,966 :DEBUG : test_gmail :hello
2020-03-28 19:12:36,197 :INFO : test_gmail :length of the .. 0
2020-03-28 19:14:16,293 :DEBUG : test_gmail :hello
2020-03-28 19:14:16,607 :INFO : test_gmail :length of the .. 0
2020-03-28 19:15:12,331 :DEBUG : test_gmail :hello
2020-03-28 19:15:12,545 :INFO : test_gmail :length of the .. 0
2020-03-28 19:50:37,610 :DEBUG : test_gmail :hello
2020-03-28 19:50:37,787 :INFO : test_gmail :length of the .. 0
2020-03-28 19:51:56,071 :DEBUG : test_gmail :hello
2020-03-28 19:51:56,262 :INFO : test_gmail :length of the .. 0
2020-03-28 19:52:55,032 :DEBUG : test_gmail :hello
2020-03-28 19:52:55,265 :INFO : test_gmail :length of the .. 0
2020-03-28 19:54:13,706 :DEBUG : test_gmail :hello
2020-03-28 19:54:13,904 :INFO : test_gmail :length of the .. 0
2020-03-28 19:54:45,818 :DEBUG : test_gmail :hello
2020-03-28 19:54:46,037 :INFO : test_gmail :length of the .. 0
2020-03-28 19:55:58,751 :DEBUG : test_gmail :hello
2020-03-28 19:55:58,935 :INFO : test_gmail :length of the .. 0
2020-03-28 19:57:38,082 :DEBUG : test_gmail :hello
2020-03-28 19:57:38,279 :INFO : test_gmail :length of the .. 0
2020-03-28 19:58:36,810 :DEBUG : test_gmail :hello
2020-03-28 19:58:36,989 :INFO : test_gmail :length of the .. 0
2020-03-28 20:40:07,040 :DEBUG : test_gmail :hello
2020-03-28 20:40:07,327 :INFO : test_gmail :length of the .. 0
2020-03-28 20:41:55,044 :DEBUG : test_gmail :hello
2020-03-28 20:41:55,225 :INFO : test_gmail :length of the .. 0
2020-03-28 20:42:23,734 :DEBUG : test_gmail :hello
2020-03-28 20:42:23,876 :INFO : test_gmail :length of the .. 0
2020-03-28 20:42:50,217 :DEBUG : test_gmail :hello
2020-03-28 20:42:50,373 :INFO : test_gmail :length of the .. 0
2020-03-28 20:44:14,637 :DEBUG : test_gmail :hello
2020-03-28 20:44:14,792 :INFO : test_gmail :length of the .. 0
2020-03-28 20:52:44,535 :DEBUG : test_gmail :hello
2020-03-28 20:52:44,753 :INFO : test_gmail :length of the .. 0
2020-03-28 21:00:59,404 :DEBUG : test_gmail :hello
2020-03-28 21:00:59,570 :INFO : test_gmail :length of the .. 0
2020-03-28 21:01:48,438 :DEBUG : test_gmail :hello
2020-03-28 21:01:48,621 :INFO : test_gmail :length of the .. 0
2020-03-28 21:02:41,798 :DEBUG : test_gmail :hello
2020-03-28 21:02:41,959 :INFO : test_gmail :length of the .. 0
2020-03-28 21:40:10,560 :DEBUG : test_gmail :hello
2020-03-28 21:40:10,719 :INFO : test_gmail :length of the .. 0
2020-03-28 21:40:49,832 :DEBUG : test_gmail :hello
2020-03-28 21:40:52,068 :INFO : test_gmail :length of the .. 10
2020-03-28 21:40:52,069 :INFO : test_gmail :0
2020-03-28 21:40:52,069 :INFO : test_gmail :1
2020-03-28 21:40:52,069 :INFO : test_gmail :2
2020-03-28 21:40:52,069 :INFO : test_gmail :3
2020-03-28 21:40:52,070 :INFO : test_gmail :4
2020-03-28 21:40:52,070 :INFO : test_gmail :5
2020-03-28 21:40:52,070 :INFO : test_gmail :6
2020-03-28 21:40:52,070 :INFO : test_gmail :7
2020-03-28 21:40:52,070 :INFO : test_gmail :8
2020-03-28 21:40:52,070 :INFO : test_gmail :9
2020-03-28 21:42:35,063 :DEBUG : test_gmail :hello
2020-03-28 21:42:35,451 :INFO : test_gmail :length of the .. 10
2020-03-28 21:42:35,451 :INFO : test_gmail :0
2020-03-28 21:42:35,451 :INFO : test_gmail :1
2020-03-28 21:42:35,451 :INFO : test_gmail :2
2020-03-28 21:42:35,451 :INFO : test_gmail :3
2020-03-28 21:42:35,452 :INFO : test_gmail :4
2020-03-28 21:42:35,452 :INFO : test_gmail :5
2020-03-28 21:42:35,452 :INFO : test_gmail :6
2020-03-28 21:42:35,452 :INFO : test_gmail :7
2020-03-28 21:42:35,452 :INFO : test_gmail :8
2020-03-28 21:42:35,452 :INFO : test_gmail :9
2020-03-28 21:44:43,648 :DEBUG : test_gmail :hello
2020-03-28 21:44:43,778 :INFO : test_gmail :length of the .. 0
2020-03-28 21:47:12,459 :DEBUG : test_gmail :hello
2020-03-28 21:47:12,600 :INFO : test_gmail :length of the .. 0
2020-03-28 21:47:36,888 :DEBUG : test_gmail :hello
2020-03-28 21:47:37,039 :INFO : test_gmail :length of the .. 0
2020-03-28 21:48:27,648 :DEBUG : test_gmail :hello
2020-03-28 21:48:27,759 :INFO : test_gmail :length of the .. 0
2020-03-28 21:48:32,417 :INFO : test_gmail :<selenium.webdriver.remote.webelement.WebElement (session="48de8a0bed4d07b469721b67050bc2c8", element="5704ac1b-3e62-4132-bdf6-ef050bcaa7a6")>
2020-03-28 21:48:32,417 :INFO : test_gmail :<selenium.webdriver.remote.webelement.WebElement (session="48de8a0bed4d07b469721b67050bc2c8", element="3c73c2ea-9ccf-4249-ba15-b235ca01873e")>
2020-03-28 21:48:32,417 :INFO : test_gmail :<selenium.webdriver.remote.webelement.WebElement (session="48de8a0bed4d07b469721b67050bc2c8", element="9c69fd4a-cd0d-4c32-adfd-f75251f4b2a6")>
2020-03-28 21:48:32,417 :INFO : test_gmail :<selenium.webdriver.remote.webelement.WebElement (session="48de8a0bed4d07b469721b67050bc2c8", element="a3e67998-9c1f-4e1d-bde3-560e2a255860")>
2020-03-28 21:48:32,417 :INFO : test_gmail :<selenium.webdriver.remote.webelement.WebElement (session="48de8a0bed4d07b469721b67050bc2c8", element="64ab8af5-e6c3-4b4d-9dc4-77f78d9fd920")>
2020-03-28 21:48:32,417 :INFO : test_gmail :<selenium.webdriver.remote.webelement.WebElement (session="48de8a0bed4d07b469721b67050bc2c8", element="dccf75fb-371c-462a-a0ea-4694c40deebd")>
2020-03-28 21:48:32,417 :INFO : test_gmail :<selenium.webdriver.remote.webelement.WebElement (session="48de8a0bed4d07b469721b67050bc2c8", element="c7672717-6458-4a1b-a3ff-956dbbe73d83")>
2020-03-28 21:48:32,417 :INFO : test_gmail :<selenium.webdriver.remote.webelement.WebElement (session="48de8a0bed4d07b469721b67050bc2c8", element="39180271-b05b-4eb1-844a-b9a820abac5d")>
2020-03-28 21:48:32,418 :INFO : test_gmail :<selenium.webdriver.remote.webelement.WebElement (session="48de8a0bed4d07b469721b67050bc2c8", element="0a358636-4101-49b1-99e3-2211d26428f5")>
2020-03-28 21:48:32,418 :INFO : test_gmail :<selenium.webdriver.remote.webelement.WebElement (session="48de8a0bed4d07b469721b67050bc2c8", element="7fa624e7-1e5e-40c6-bf9f-06fb9c4a4019")>
2020-03-28 21:48:32,418 :INFO : test_gmail :<selenium.webdriver.remote.webelement.WebElement (session="48de8a0bed4d07b469721b67050bc2c8", element="1e622d29-01d4-4e03-bf32-fa1869130887")>
2020-03-28 21:48:32,418 :INFO : test_gmail :<selenium.webdriver.remote.webelement.WebElement (session="48de8a0bed4d07b469721b67050bc2c8", element="ba4384a8-6105-4e39-b991-7807762366cb")>
2020-03-28 21:48:32,418 :INFO : test_gmail :<selenium.webdriver.remote.webelement.WebElement (session="48de8a0bed4d07b469721b67050bc2c8", element="adc5943f-c536-4f29-8296-811190e437e1")>
2020-03-28 21:49:27,812 :DEBUG : test_gmail :hello
2020-03-28 21:49:27,931 :INFO : test_gmail :length of the .. 0
2020-03-28 21:50:41,581 :DEBUG : test_gmail :hello
2020-03-28 21:50:41,727 :INFO : test_gmail :length of the .. 0
2020-03-28 21:50:46,200 :INFO : test_gmail :Web results

Google Login - Sign in - Google Accounts
accounts.google.com › servicelogin
Sign in. Use your Google Account. Email or phone. Forgot email? Type the text you hear or see. Not your computer? Use Guest mode to sign in privately.
Google Sign-In · LOGIN Google · Google Drive: Sign-in · Google Drive Trash
2020-03-28 21:50:46,232 :INFO : test_gmail :Gmail - Google
www.google.com › gmail
Sign in. to continue to Gmail. Email or phone. Forgot email? Type the text you hear or see. Not your computer? Use Guest mode to sign in privately. Learn more.
2020-03-28 21:50:46,263 :INFO : test_gmail :Sign in to Gmail - Computer - Gmail Help - Google Support
support.google.com › mail › answer
To open Gmail, you can login from a computer, or add your account to the Gmail app on your phone or tablet. Once you're signed in, check your mail by opening ...
2020-03-28 21:50:46,278 :INFO : test_gmail :
2020-03-28 21:50:46,291 :INFO : test_gmail :
2020-03-28 21:50:46,303 :INFO : test_gmail :
2020-03-28 21:50:46,337 :INFO : test_gmail :Web results

Sign in to Gmail - Android - Gmail Help - Google Support
support.google.com › mail › answer
To open Gmail, you can login from a computer, or add your account to the Gmail app on your phone or tablet. Once you're signed in, check your mail by opening ...
2020-03-28 21:50:46,361 :INFO : test_gmail :Google Account
myaccount.google.com
When you sign in to your Google Account, you can see and manage your info, activity, security options, and privacy preferences to make Google work better for ...
2020-03-28 21:50:46,391 :INFO : test_gmail :Web results

Sign In
account.e.jimdo.com
Hi, there. You can log in to your Jimdo account here. Log in with Facebook · Log in with Google. or. Forgot Password? Log In. New here? Sign up and create ...
2020-03-28 21:50:46,414 :INFO : test_gmail :Email. Login
webmail.au.syrahost.com
Sign in to your email.
2020-03-28 21:50:46,443 :INFO : test_gmail :How to login to a Gmail account on desktop or mobile ...
www.businessinsider.com › how-to-gmail-login
Feb 27, 2020 - How to log into your Gmail account on a mobile device. On your phone, you are usually automatically signed into Gmail. However, if you've ...
2020-03-28 21:50:46,470 :INFO : test_gmail :Sign in | Samsung Account
account.samsung.com › membership › auth › sign-in
Find ID or Reset password? or Sign up here. Continue with Google.
2020-03-28 21:50:46,493 :INFO : test_gmail :Yahoo - login
login.yahoo.com
Best in class Yahoo Mail, breaking local, national and global news, finance, sports, music, movies and more. You get more out of the web, you get more out of ...
2020-03-28 21:52:32,104 :DEBUG : test_gmail :hello
2020-03-28 21:52:32,257 :INFO : test_gmail :length of the .. 0
2020-03-28 21:52:37,459 :INFO : test_gmail :total elements s of the .. 13
2020-03-28 21:52:37,507 :INFO : test_gmail :Web results

Google Login - Sign in - Google Accounts
accounts.google.com › servicelogin
Sign in. Use your Google Account. Email or phone. Forgot email? Type the text you hear or see. Not your computer? Use Guest mode to sign in privately.
Google Sign-In · LOGIN Google · Google Drive: Sign-in · Google Drive Trash
2020-03-28 21:52:37,537 :INFO : test_gmail :Gmail - Google
www.google.com › gmail
Sign in. to continue to Gmail. Email or phone. Forgot email? Type the text you hear or see. Not your computer? Use Guest mode to sign in privately. Learn more.
2020-03-28 21:52:37,567 :INFO : test_gmail :Sign in to Gmail - Computer - Gmail Help - Google Support
support.google.com › mail › answer
To open Gmail, you can login from a computer, or add your account to the Gmail app on your phone or tablet. Once you're signed in, check your mail by opening ...
2020-03-28 21:52:37,584 :INFO : test_gmail :
2020-03-28 21:52:37,599 :INFO : test_gmail :
2020-03-28 21:52:37,610 :INFO : test_gmail :
2020-03-28 21:52:37,638 :INFO : test_gmail :Web results

Sign in to Gmail - Android - Gmail Help - Google Support
support.google.com › mail › answer
To open Gmail, you can login from a computer, or add your account to the Gmail app on your phone or tablet. Once you're signed in, check your mail by opening ...
2020-03-28 21:52:37,664 :INFO : test_gmail :Google Account
myaccount.google.com
When you sign in to your Google Account, you can see and manage your info, activity, security options, and privacy preferences to make Google work better for ...
2020-03-28 21:52:37,696 :INFO : test_gmail :Web results

Sign In
account.e.jimdo.com
Hi, there. You can log in to your Jimdo account here. Log in with Facebook · Log in with Google. or. Forgot Password? Log In. New here? Sign up and create ...
2020-03-28 21:52:37,719 :INFO : test_gmail :Email. Login
webmail.au.syrahost.com
Sign in to your email.
2020-03-28 21:52:37,749 :INFO : test_gmail :How to login to a Gmail account on desktop or mobile ...
www.businessinsider.com › how-to-gmail-login
Feb 27, 2020 - How to log into your Gmail account on a mobile device. On your phone, you are usually automatically signed into Gmail. However, if you've ...
2020-03-28 21:52:37,772 :INFO : test_gmail :Sign in | Samsung Account
account.samsung.com › membership › auth › sign-in
Find ID or Reset password? or Sign up here. Continue with Google.
2020-03-28 21:52:37,799 :INFO : test_gmail :Yahoo - login
login.yahoo.com
Best in class Yahoo Mail, breaking local, national and global news, finance, sports, music, movies and more. You get more out of the web, you get more out of ...
2020-03-28 21:54:16,705 :DEBUG : test_gmail :hello
2020-03-28 21:54:16,920 :INFO : test_gmail :length of the .. 0
2020-03-28 21:54:21,316 :INFO : test_gmail :total elements s of the .. 13
2020-03-28 21:54:21,366 :INFO : test_gmail :Web results

Google Login - Sign in - Google Accounts
accounts.google.com › servicelogin
Sign in. Use your Google Account. Email or phone. Forgot email? Type the text you hear or see. Not your computer? Use Guest mode to sign in privately.
Google Sign-In · LOGIN Google · Google Drive: Sign-in · Google Drive Trash
2020-03-28 21:54:21,394 :INFO : test_gmail :Gmail - Google
www.google.com › gmail
Sign in. to continue to Gmail. Email or phone. Forgot email? Type the text you hear or see. Not your computer? Use Guest mode to sign in privately. Learn more.
2020-03-28 21:54:21,421 :INFO : test_gmail :Sign in to Gmail - Computer - Gmail Help - Google Support
support.google.com › mail › answer
To open Gmail, you can login from a computer, or add your account to the Gmail app on your phone or tablet. Once you're signed in, check your mail by opening ...
2020-03-28 21:54:21,435 :INFO : test_gmail :
2020-03-28 21:54:21,449 :INFO : test_gmail :
2020-03-28 21:54:21,463 :INFO : test_gmail :
2020-03-28 21:54:21,496 :INFO : test_gmail :Web results

Sign in to Gmail - Android - Gmail Help - Google Support
support.google.com › mail › answer
To open Gmail, you can login from a computer, or add your account to the Gmail app on your phone or tablet. Once you're signed in, check your mail by opening ...
2020-03-28 21:54:21,523 :INFO : test_gmail :Google Account
myaccount.google.com
When you sign in to your Google Account, you can see and manage your info, activity, security options, and privacy preferences to make Google work better for ...
2020-03-28 21:54:21,558 :INFO : test_gmail :Web results

Sign In
account.e.jimdo.com
Hi, there. You can log in to your Jimdo account here. Log in with Facebook · Log in with Google. or. Forgot Password? Log In. New here? Sign up and create ...
2020-03-28 21:54:21,586 :INFO : test_gmail :Email. Login
webmail.au.syrahost.com
Sign in to your email.
2020-03-28 21:54:21,617 :INFO : test_gmail :How to login to a Gmail account on desktop or mobile ...
www.businessinsider.com › how-to-gmail-login
Feb 27, 2020 - How to log into your Gmail account on a mobile device. On your phone, you are usually automatically signed into Gmail. However, if you've ...
2020-03-28 21:54:21,650 :INFO : test_gmail :Sign in | Samsung Account
account.samsung.com › membership › auth › sign-in
Find ID or Reset password? or Sign up here. Continue with Google.
2020-03-28 21:54:21,673 :INFO : test_gmail :Yahoo - login
login.yahoo.com
Best in class Yahoo Mail, breaking local, national and global news, finance, sports, music, movies and more. You get more out of the web, you get more out of ...
2020-03-28 21:54:38,711 :DEBUG : test_gmail :hello
2020-03-28 21:54:38,842 :INFO : test_gmail :length of the .. 0
2020-03-28 21:54:43,212 :INFO : test_gmail :total elements s of the .. 13
2020-03-28 21:54:43,266 :INFO : test_gmail :Web results

Google Login - Sign in - Google Accounts
accounts.google.com › servicelogin
Sign in. Use your Google Account. Email or phone. Forgot email? Type the text you hear or see. Not your computer? Use Guest mode to sign in privately.
Google Sign-In · LOGIN Google · Google Drive: Sign-in · Google Drive Trash
2020-03-28 21:54:43,300 :INFO : test_gmail :Gmail - Google
www.google.com › gmail
Sign in. to continue to Gmail. Email or phone. Forgot email? Type the text you hear or see. Not your computer? Use Guest mode to sign in privately. Learn more.
2020-03-28 21:54:43,329 :INFO : test_gmail :Sign in to Gmail - Computer - Gmail Help - Google Support
support.google.com › mail › answer
To open Gmail, you can login from a computer, or add your account to the Gmail app on your phone or tablet. Once you're signed in, check your mail by opening ...
2020-03-28 21:54:43,343 :INFO : test_gmail :
2020-03-28 21:54:43,357 :INFO : test_gmail :
2020-03-28 21:54:43,372 :INFO : test_gmail :
2020-03-28 21:54:43,403 :INFO : test_gmail :Web results

Sign in to Gmail - Android - Gmail Help - Google Support
support.google.com › mail › answer
To open Gmail, you can login from a computer, or add your account to the Gmail app on your phone or tablet. Once you're signed in, check your mail by opening ...
2020-03-28 21:54:43,434 :INFO : test_gmail :Google Account
myaccount.google.com
When you sign in to your Google Account, you can see and manage your info, activity, security options, and privacy preferences to make Google work better for ...
2020-03-28 21:54:43,464 :INFO : test_gmail :Sign In
account.e.jimdo.com
Hi, there. You can log in to your Jimdo account here. Log in with Facebook · Log in with Google. or. Forgot Password? Log In. New here? Sign up and create ...
2020-03-28 21:54:43,495 :INFO : test_gmail :Email. Login
webmail.au.syrahost.com
Sign in to your email.
2020-03-28 21:54:43,522 :INFO : test_gmail :How to login to a Gmail account on desktop or mobile ...
www.businessinsider.com › how-to-gmail-login
Feb 27, 2020 - How to log into your Gmail account on a mobile device. On your phone, you are usually automatically signed into Gmail. However, if you've ...
2020-03-28 21:54:43,550 :INFO : test_gmail :Sign in | Samsung Account
account.samsung.com › membership › auth › sign-in
Find ID or Reset password? or Sign up here. Continue with Google.
2020-03-28 21:54:43,579 :INFO : test_gmail :Yahoo - login
login.yahoo.com
Best in class Yahoo Mail, breaking local, national and global news, finance, sports, music, movies and more. You get more out of the web, you get more out of ...
2020-03-28 21:55:05,795 :DEBUG : test_gmail :hello
2020-03-28 21:55:06,019 :INFO : test_gmail :length of the .. 0
2020-03-28 21:55:11,002 :INFO : test_gmail :total elements s of the .. 13
2020-03-28 21:55:11,032 :INFO : test_gmail :Web results

Google Login - Sign in - Google Accounts
accounts.google.com › servicelogin
Sign in. Use your Google Account. Email or phone. Forgot email? Type the text you hear or see. Not your computer? Use Guest mode to sign in privately.
Google Sign-In · LOGIN Google · Google Drive: Sign-in · Google Drive Trash
2020-03-28 21:55:11,058 :INFO : test_gmail :Gmail - Google
www.google.com › gmail
Sign in. to continue to Gmail. Email or phone. Forgot email? Type the text you hear or see. Not your computer? Use Guest mode to sign in privately. Learn more.
2020-03-28 21:55:11,091 :INFO : test_gmail :Sign in to Gmail - Computer - Gmail Help - Google Support
support.google.com › mail › answer
To open Gmail, you can login from a computer, or add your account to the Gmail app on your phone or tablet. Once you're signed in, check your mail by opening ...
2020-03-28 21:55:11,113 :INFO : test_gmail :
2020-03-28 21:55:11,127 :INFO : test_gmail :
2020-03-28 21:55:11,140 :INFO : test_gmail :
2020-03-28 21:55:11,179 :INFO : test_gmail :Web results

Sign in to Gmail - Android - Gmail Help - Google Support
support.google.com › mail › answer
To open Gmail, you can login from a computer, or add your account to the Gmail app on your phone or tablet. Once you're signed in, check your mail by opening ...
2020-03-28 21:55:11,206 :INFO : test_gmail :Google Account
myaccount.google.com
When you sign in to your Google Account, you can see and manage your info, activity, security options, and privacy preferences to make Google work better for ...
2020-03-28 21:55:11,232 :INFO : test_gmail :Web results

Sign In
account.e.jimdo.com
Hi, there. You can log in to your Jimdo account here. Log in with Facebook · Log in with Google. or. Forgot Password? Log In. New here? Sign up and create ...
2020-03-28 21:55:11,261 :INFO : test_gmail :Email. Login
webmail.au.syrahost.com
Sign in to your email.
2020-03-28 21:55:11,294 :INFO : test_gmail :How to login to a Gmail account on desktop or mobile ...
www.businessinsider.com › how-to-gmail-login
Feb 27, 2020 - How to log into your Gmail account on a mobile device. On your phone, you are usually automatically signed into Gmail. However, if you've ...
2020-03-28 21:55:11,324 :INFO : test_gmail :Sign in | Samsung Account
account.samsung.com › membership › auth › sign-in
Find ID or Reset password? or Sign up here. Continue with Google.
2020-03-28 21:55:11,347 :INFO : test_gmail :Yahoo - login
login.yahoo.com
Best in class Yahoo Mail, breaking local, national and global news, finance, sports, music, movies and more. You get more out of the web, you get more out of ...
2020-03-28 21:55:55,189 :DEBUG : test_gmail :hello
2020-03-28 21:55:55,349 :INFO : test_gmail :length of the .. 0
2020-03-28 21:56:00,617 :INFO : test_gmail :total elements s of the .. 13
2020-03-28 21:56:00,643 :INFO : test_gmail :Google Login - Sign in - Google Accounts
accounts.google.com › servicelogin
2020-03-28 21:56:00,665 :INFO : test_gmail :Gmail - Google
www.google.com › gmail
2020-03-28 21:56:00,686 :INFO : test_gmail :Sign in to Gmail - Computer - Gmail Help - Google Support
support.google.com › mail › answer
2020-03-28 21:56:00,708 :INFO : test_gmail :Sign in to Gmail - Android - Gmail Help - Google Support
support.google.com › mail › answer
2020-03-28 21:56:00,727 :INFO : test_gmail :Google Account
myaccount.google.com
2020-03-28 21:56:00,741 :INFO : test_gmail :
2020-03-28 21:56:00,757 :INFO : test_gmail :
2020-03-28 21:56:00,773 :INFO : test_gmail :
2020-03-28 21:56:00,792 :INFO : test_gmail :Sign In
account.e.jimdo.com
2020-03-28 21:56:00,811 :INFO : test_gmail :Email. Login
webmail.au.syrahost.com
2020-03-28 21:56:00,834 :INFO : test_gmail :How to login to a Gmail account on desktop or mobile ...
www.businessinsider.com › how-to-gmail-login
2020-03-28 21:56:00,855 :INFO : test_gmail :Sign in | Samsung Account
account.samsung.com › membership › auth › sign-in
2020-03-28 21:56:00,877 :INFO : test_gmail :Yahoo - login
login.yahoo.com
2020-03-31 11:46:18,853 :DEBUG : test_gmail :hello
2020-03-31 11:46:19,111 :INFO : test_gmail :length of the .. 0
2020-03-31 11:46:24,499 :INFO : test_gmail :total elements s of the .. 13
2020-03-31 11:46:24,540 :INFO : test_gmail :LOGIN Google - Sign in - Google Accounts
accounts.google.com › servicelogin
2020-03-31 11:46:24,582 :INFO : test_gmail :Gmail - Google
www.google.com › gmail
2020-03-31 11:46:24,667 :INFO : test_gmail :Sign in to Gmail - Computer - Gmail Help - Google Support
support.google.com › mail › answer
2020-03-31 11:46:24,733 :INFO : test_gmail :Sign in to Gmail - Android - Gmail Help - Google Support
support.google.com › mail › answer
2020-03-31 11:46:24,792 :INFO : test_gmail :Google Account
account.google.com
2020-03-31 11:46:24,893 :INFO : test_gmail :Sign In
account.e.jimdo.com
2020-03-31 11:46:24,969 :INFO : test_gmail :Email. Login
webmail.au.syrahost.com
2020-03-31 11:46:25,023 :INFO : test_gmail :Sign in | Samsung Account
account.samsung.com › membership › auth › sign-in
2020-03-31 11:46:25,057 :INFO : test_gmail :Yahoo - login
login.yahoo.com
2020-03-31 11:46:25,075 :INFO : test_gmail :
2020-03-31 11:46:25,094 :INFO : test_gmail :
2020-03-31 11:46:25,114 :INFO : test_gmail :
2020-03-31 11:46:25,142 :INFO : test_gmail :How to login to a Gmail account on desktop or mobile ...
www.businessinsider.com › how-to-gmail-login
2020-03-31 11:47:44,137 :DEBUG : test_gmail :hello
2020-03-31 11:47:44,322 :INFO : test_gmail :length of the .. 0
2020-03-31 11:47:49,574 :INFO : test_gmail :total elements s of the .. 13
2020-03-31 11:47:49,629 :INFO : test_gmail :LOGIN Google - Sign in - Google Accounts
accounts.google.com › servicelogin
2020-03-31 11:47:49,662 :INFO : test_gmail :Gmail - Google
www.google.com › gmail
2020-03-31 11:47:49,721 :INFO : test_gmail :Sign in to Gmail - Computer - Gmail Help - Google Support
support.google.com › mail › answer
2020-03-31 11:47:49,785 :INFO : test_gmail :Sign in to Gmail - Android - Gmail Help - Google Support
support.google.com › mail › answer
2020-03-31 11:47:49,819 :INFO : test_gmail :Google Account
account.google.com
2020-03-31 11:47:49,866 :INFO : test_gmail :Sign In
account.e.jimdo.com
2020-03-31 11:47:49,907 :INFO : test_gmail :Email. Login
webmail.au.syrahost.com
2020-03-31 11:47:49,933 :INFO : test_gmail :Sign in | Samsung Account
account.samsung.com › membership › auth › sign-in
2020-03-31 11:47:49,971 :INFO : test_gmail :Yahoo - login
login.yahoo.com
2020-03-31 11:47:49,994 :INFO : test_gmail :
2020-03-31 11:47:50,013 :INFO : test_gmail :
2020-03-31 11:47:50,034 :INFO : test_gmail :
2020-03-31 11:47:50,064 :INFO : test_gmail :How to login to a Gmail account on desktop or mobile ...
www.businessinsider.com › how-to-gmail-login
2020-03-31 12:01:12,221 :DEBUG : test_gmail :hello
2020-03-31 12:01:12,395 :INFO : test_gmail :length of the .. 0
2020-03-31 12:01:17,784 :INFO : test_gmail :total elements s of the .. 13
2020-03-31 12:01:17,829 :INFO : test_gmail :LOGIN Google - Sign in - Google Accounts
accounts.google.com › servicelogin
2020-03-31 12:01:17,856 :INFO : test_gmail :Gmail - Google
www.google.com › gmail
2020-03-31 12:01:17,897 :INFO : test_gmail :Sign in to Gmail - Computer - Gmail Help - Google Support
support.google.com › mail › answer
2020-03-31 12:01:17,941 :INFO : test_gmail :Sign in to Gmail - Android - Gmail Help - Google Support
support.google.com › mail › answer
2020-03-31 12:01:17,987 :INFO : test_gmail :Google Account
account.google.com
2020-03-31 12:01:18,018 :INFO : test_gmail :Sign In
account.e.jimdo.com
2020-03-31 12:01:18,042 :INFO : test_gmail :Email. Login
webmail.au.syrahost.com
2020-03-31 12:01:18,125 :INFO : test_gmail :Sign in | Samsung Account
account.samsung.com › membership › auth › sign-in
2020-03-31 12:01:18,169 :INFO : test_gmail :Yahoo - login
login.yahoo.com
2020-03-31 12:01:18,194 :INFO : test_gmail :
2020-03-31 12:01:18,209 :INFO : test_gmail :
2020-03-31 12:01:18,226 :INFO : test_gmail :
2020-03-31 12:01:18,262 :INFO : test_gmail :How to login to a Gmail account on desktop or mobile ...
www.businessinsider.com › how-to-gmail-login
2020-03-31 12:16:20,216 :DEBUG : test_gmail :hello
2020-03-31 12:16:21,043 :INFO : test_gmail :length of the .. 10
2020-03-31 12:16:21,043 :INFO : test_gmail :0
2020-03-31 12:16:21,043 :INFO : test_gmail :1
2020-03-31 12:16:21,044 :INFO : test_gmail :2
2020-03-31 12:16:21,044 :INFO : test_gmail :3
2020-03-31 12:16:21,044 :INFO : test_gmail :4
2020-03-31 12:16:21,045 :INFO : test_gmail :5
2020-03-31 12:16:21,045 :INFO : test_gmail :6
2020-03-31 12:16:21,045 :INFO : test_gmail :7
2020-03-31 12:16:21,046 :INFO : test_gmail :8
2020-03-31 12:16:21,046 :INFO : test_gmail :9
2020-03-31 12:16:27,471 :INFO : test_gmail :total elements s of the .. 13
2020-03-31 12:16:27,531 :INFO : test_gmail :LOGIN Google - Sign in - Google Accounts
accounts.google.com › servicelogin
2020-03-31 12:16:27,575 :INFO : test_gmail :Gmail - Google
www.google.com › gmail
2020-03-31 12:16:27,619 :INFO : test_gmail :Sign in to Gmail - Computer - Gmail Help - Google Support
support.google.com › mail › answer
2020-03-31 12:16:27,666 :INFO : test_gmail :Sign in to Gmail - Android - Gmail Help - Google Support
support.google.com › mail › answer
2020-03-31 12:16:27,713 :INFO : test_gmail :Google Account
account.google.com
2020-03-31 12:16:27,758 :INFO : test_gmail :Sign In
account.e.jimdo.com
2020-03-31 12:16:27,809 :INFO : test_gmail :Email. Login
webmail.au.syrahost.com
2020-03-31 12:16:27,855 :INFO : test_gmail :Sign in | Samsung Account
account.samsung.com › membership › auth › sign-in
2020-03-31 12:16:27,880 :INFO : test_gmail :
2020-03-31 12:16:27,914 :INFO : test_gmail :
2020-03-31 12:16:27,964 :INFO : test_gmail :
2020-03-31 12:16:28,011 :INFO : test_gmail :Yahoo - login
login.yahoo.com
2020-03-31 12:16:28,053 :INFO : test_gmail :How to login to a Gmail account on desktop or mobile ...
www.businessinsider.com › how-to-gmail-login
2020-03-31 12:31:09,402 :DEBUG : test_gmail :hello
2020-03-31 12:31:09,622 :INFO : test_gmail :length of the .. 0
2020-03-31 12:31:15,207 :INFO : test_gmail :total elements s of the .. 13
2020-03-31 12:31:15,237 :INFO : test_gmail :LOGIN Google - Sign in - Google Accounts
accounts.google.com › servicelogin
2020-03-31 12:31:15,269 :INFO : test_gmail :Gmail - Google
www.google.com › gmail
2020-03-31 12:31:15,299 :INFO : test_gmail :Sign in to Gmail - Computer - Gmail Help - Google Support
support.google.com › mail › answer
2020-03-31 12:31:15,330 :INFO : test_gmail :Sign in to Gmail - Android - Gmail Help - Google Support
support.google.com › mail › answer
2020-03-31 12:31:15,372 :INFO : test_gmail :Google Account
account.google.com
2020-03-31 12:31:15,440 :INFO : test_gmail :Sign In
account.e.jimdo.com
2020-03-31 12:31:15,471 :INFO : test_gmail :Email. Login
webmail.au.syrahost.com
2020-03-31 12:31:15,498 :INFO : test_gmail :Sign in | Samsung Account
account.samsung.com › membership › auth › sign-in
2020-03-31 12:31:15,524 :INFO : test_gmail :Yahoo - login
login.yahoo.com
2020-03-31 12:31:15,541 :INFO : test_gmail :
2020-03-31 12:31:15,562 :INFO : test_gmail :
2020-03-31 12:31:15,587 :INFO : test_gmail :
2020-03-31 12:31:15,617 :INFO : test_gmail :How to login to a Gmail account on desktop or mobile ...
www.businessinsider.com › how-to-gmail-login
2020-03-31 12:46:09,336 :DEBUG : test_gmail :hello
2020-03-31 12:46:09,499 :INFO : test_gmail :length of the .. 0
2020-03-31 12:46:14,431 :INFO : test_gmail :total elements s of the .. 13
2020-03-31 12:46:14,465 :INFO : test_gmail :LOGIN Google - Sign in - Google Accounts
accounts.google.com › servicelogin
2020-03-31 12:46:14,494 :INFO : test_gmail :Gmail - Google
www.google.com › gmail
2020-03-31 12:46:14,522 :INFO : test_gmail :Sign in to Gmail - Computer - Gmail Help - Google Support
support.google.com › mail › answer
2020-03-31 12:46:14,553 :INFO : test_gmail :Sign in to Gmail - Android - Gmail Help - Google Support
support.google.com › mail › answer
2020-03-31 12:46:14,600 :INFO : test_gmail :Google Account
account.google.com
2020-03-31 12:46:14,656 :INFO : test_gmail :Sign In
account.e.jimdo.com
2020-03-31 12:46:14,717 :INFO : test_gmail :Email. Login
webmail.au.syrahost.com
2020-03-31 12:46:14,774 :INFO : test_gmail :Sign in | Samsung Account
account.samsung.com › membership › auth › sign-in
2020-03-31 12:46:14,808 :INFO : test_gmail :
2020-03-31 12:46:14,847 :INFO : test_gmail :
2020-03-31 12:46:14,898 :INFO : test_gmail :
2020-03-31 12:46:14,950 :INFO : test_gmail :Yahoo - login
login.yahoo.com
2020-03-31 12:46:14,996 :INFO : test_gmail :How to login to a Gmail account on desktop or mobile ...
www.businessinsider.com › how-to-gmail-login
2020-03-31 13:01:12,011 :DEBUG : test_gmail :hello
2020-03-31 13:01:12,181 :INFO : test_gmail :length of the .. 0
2020-03-31 13:01:17,205 :INFO : test_gmail :total elements s of the .. 13
2020-03-31 13:01:17,239 :INFO : test_gmail :LOGIN Google - Sign in - Google Accounts
https://accounts.google.com › servicelogin
2020-03-31 13:01:17,280 :INFO : test_gmail :Gmail - Google
https://www.google.com › gmail
2020-03-31 13:01:17,320 :INFO : test_gmail :Sign in to Gmail - Computer - Gmail Help - Google Support
https://support.google.com › mail › answer
2020-03-31 13:01:17,402 :INFO : test_gmail :Sign in to Gmail - Android - Gmail Help - Google Support
https://support.google.com › mail › answer
2020-03-31 13:01:17,477 :INFO : test_gmail :Google Account
https://account.google.com
2020-03-31 13:01:17,517 :INFO : test_gmail :Sign In
https://account.e.jimdo.com
2020-03-31 13:01:17,545 :INFO : test_gmail :Email. Login
https://webmail.au.syrahost.com
2020-03-31 13:01:17,572 :INFO : test_gmail :Sign in | Samsung Account
https://account.samsung.com › membership › auth › sign-in
2020-03-31 13:01:17,606 :INFO : test_gmail :Yahoo - login
https://login.yahoo.com
2020-03-31 13:01:17,624 :INFO : test_gmail :
2020-03-31 13:01:17,641 :INFO : test_gmail :
2020-03-31 13:01:17,657 :INFO : test_gmail :
2020-03-31 13:01:17,687 :INFO : test_gmail :How to login to a Gmail account on desktop or mobile ...
https://www.businessinsider.com › how-to-gmail-login
2020-03-31 13:16:19,314 :DEBUG : test_gmail :hello
2020-03-31 13:16:20,044 :INFO : test_gmail :length of the .. 10
2020-03-31 13:16:20,044 :INFO : test_gmail :0
2020-03-31 13:16:20,044 :INFO : test_gmail :1
2020-03-31 13:16:20,045 :INFO : test_gmail :2
2020-03-31 13:16:20,045 :INFO : test_gmail :3
2020-03-31 13:16:20,045 :INFO : test_gmail :4
2020-03-31 13:16:20,046 :INFO : test_gmail :5
2020-03-31 13:16:20,046 :INFO : test_gmail :6
2020-03-31 13:16:20,046 :INFO : test_gmail :7
2020-03-31 13:16:20,046 :INFO : test_gmail :8
2020-03-31 13:16:20,046 :INFO : test_gmail :9
2020-03-31 13:16:26,810 :INFO : test_gmail :total elements s of the .. 14
2020-03-31 13:16:26,944 :INFO : test_gmail :LOGIN Google - Sign in - Google Accounts
accounts.google.com › servicelogin
2020-03-31 13:16:27,070 :INFO : test_gmail :Gmail - Google
www.google.com › gmail
2020-03-31 13:16:27,212 :INFO : test_gmail :Sign in to Gmail - Computer - Gmail Help - Google Support
support.google.com › mail › answer
2020-03-31 13:16:27,309 :INFO : test_gmail :Sign in to Gmail - Android - Gmail Help - Google Support
support.google.com › mail › answer
2020-03-31 13:16:27,408 :INFO : test_gmail :Google Account
account.google.com
2020-03-31 13:16:27,481 :INFO : test_gmail :Sign In
account.e.jimdo.com
2020-03-31 13:16:27,567 :INFO : test_gmail :Email. Login
webmail.au.syrahost.com
2020-03-31 13:16:27,598 :INFO : test_gmail :
2020-03-31 13:16:27,668 :INFO : test_gmail :
2020-03-31 13:16:27,734 :INFO : test_gmail :
2020-03-31 13:16:27,804 :INFO : test_gmail :
2020-03-31 13:16:27,983 :INFO : test_gmail :Sign in | Samsung Account
account.samsung.com › membership › auth › sign-in
2020-03-31 13:16:28,067 :INFO : test_gmail :Yahoo - login
login.yahoo.com
2020-03-31 13:16:28,136 :INFO : test_gmail :How to login to a Gmail account on desktop or mobile ...
www.businessinsider.com › how-to-gmail-login
2020-03-31 15:16:17,171 :DEBUG : test_gmail :hello
2020-03-31 15:16:17,373 :INFO : test_gmail :length of the .. 0
2020-03-31 15:16:25,841 :INFO : test_gmail :total elements s of the .. 13
2020-03-31 15:16:25,871 :INFO : test_gmail :LOGIN Google - Sign in - Google Accounts
accounts.google.com › servicelogin
2020-03-31 15:16:25,894 :INFO : test_gmail :Gmail - Google
www.google.com › gmail
2020-03-31 15:16:25,925 :INFO : test_gmail :Sign in to Gmail - Computer - Gmail Help - Google Support
support.google.com › mail › answer
2020-03-31 15:16:25,950 :INFO : test_gmail :Sign in to Gmail - Android - Gmail Help - Google Support
support.google.com › mail › answer
2020-03-31 15:16:25,975 :INFO : test_gmail :Google Account
account.google.com
2020-03-31 15:16:25,999 :INFO : test_gmail :Sign In
account.e.jimdo.com
2020-03-31 15:16:26,027 :INFO : test_gmail :Email. Login
webmail.au.syrahost.com
2020-03-31 15:16:26,056 :INFO : test_gmail :Sign in | Samsung Account
account.samsung.com › membership › auth › sign-in
2020-03-31 15:16:26,083 :INFO : test_gmail :
2020-03-31 15:16:26,101 :INFO : test_gmail :
2020-03-31 15:16:26,120 :INFO : test_gmail :
2020-03-31 15:16:26,147 :INFO : test_gmail :Yahoo - login
login.yahoo.com
2020-03-31 15:16:26,181 :INFO : test_gmail :How to login to a Gmail account on desktop or mobile ...
www.businessinsider.com › how-to-gmail-login
2020-03-31 15:31:17,317 :DEBUG : test_gmail :hello
2020-03-31 15:31:17,577 :INFO : test_gmail :length of the .. 0
2020-03-31 15:31:26,726 :INFO : test_gmail :total elements s of the .. 13
2020-03-31 15:31:26,769 :INFO : test_gmail :LOGIN Google - Sign in - Google Accounts
accounts.google.com › servicelogin
2020-03-31 15:31:26,809 :INFO : test_gmail :Gmail - Google
www.google.com › gmail
2020-03-31 15:31:26,849 :INFO : test_gmail :Sign in to Gmail - Computer - Gmail Help - Google Support
support.google.com › mail › answer
2020-03-31 15:31:26,902 :INFO : test_gmail :Sign in to Gmail - Android - Gmail Help - Google Support
support.google.com › mail › answer
2020-03-31 15:31:26,941 :INFO : test_gmail :Google Account
account.google.com
2020-03-31 15:31:27,015 :INFO : test_gmail :Sign In
account.e.jimdo.com
2020-03-31 15:31:27,062 :INFO : test_gmail :Email. Login
webmail.au.syrahost.com
2020-03-31 15:31:27,110 :INFO : test_gmail :Sign in | Samsung Account
account.samsung.com › membership › auth › sign-in
2020-03-31 15:31:27,146 :INFO : test_gmail :
2020-03-31 15:31:27,177 :INFO : test_gmail :
2020-03-31 15:31:27,224 :INFO : test_gmail :
2020-03-31 15:31:27,276 :INFO : test_gmail :Yahoo - login
login.yahoo.com
2020-03-31 15:31:27,317 :INFO : test_gmail :How to login to a Gmail account on desktop or mobile ...
www.businessinsider.com › how-to-gmail-login
2020-03-31 15:46:15,014 :DEBUG : test_gmail :hello
2020-03-31 15:46:15,297 :INFO : test_gmail :length of the .. 0
2020-03-31 15:46:22,294 :INFO : test_gmail :total elements s of the .. 13
2020-03-31 15:46:22,331 :INFO : test_gmail :LOGIN Google - Sign in - Google Accounts
accounts.google.com › servicelogin
2020-03-31 15:46:22,378 :INFO : test_gmail :Gmail - Google
www.google.com › gmail
2020-03-31 15:46:22,426 :INFO : test_gmail :Sign in to Gmail - Computer - Gmail Help - Google Support
support.google.com › mail › answer
2020-03-31 15:46:22,471 :INFO : test_gmail :Sign in to Gmail - Android - Gmail Help - Google Support
support.google.com › mail › answer
2020-03-31 15:46:22,531 :INFO : test_gmail :Google Account
account.google.com
2020-03-31 15:46:22,576 :INFO : test_gmail :Sign In
account.e.jimdo.com
2020-03-31 15:46:22,611 :INFO : test_gmail :Email. Login
webmail.au.syrahost.com
2020-03-31 15:46:22,637 :INFO : test_gmail :Sign in | Samsung Account
account.samsung.com › membership › auth › sign-in
2020-03-31 15:46:22,654 :INFO : test_gmail :
2020-03-31 15:46:22,671 :INFO : test_gmail :
2020-03-31 15:46:22,698 :INFO : test_gmail :
2020-03-31 15:46:22,728 :INFO : test_gmail :Yahoo - login
login.yahoo.com
2020-03-31 15:46:22,764 :INFO : test_gmail :How to login to a Gmail account on desktop or mobile ...
www.businessinsider.com › how-to-gmail-login
2020-03-31 15:49:47,687 :DEBUG : test_gmail :hello
2020-03-31 15:49:48,072 :INFO : test_gmail :length of the .. 0
2020-03-31 15:49:55,633 :INFO : test_gmail :total elements s of the .. 13
2020-03-31 15:49:55,684 :INFO : test_gmail :LOGIN Google - Sign in - Google Accounts
accounts.google.com › servicelogin
2020-03-31 15:49:55,715 :INFO : test_gmail :Gmail - Google
www.google.com › gmail
2020-03-31 15:49:55,746 :INFO : test_gmail :Sign in to Gmail - Computer - Gmail Help - Google Support
support.google.com › mail › answer
2020-03-31 15:49:55,793 :INFO : test_gmail :Sign in to Gmail - Android - Gmail Help - Google Support
support.google.com › mail › answer
2020-03-31 15:49:55,846 :INFO : test_gmail :Google Account
account.google.com
2020-03-31 15:49:55,890 :INFO : test_gmail :Sign In
account.e.jimdo.com
2020-03-31 15:49:55,929 :INFO : test_gmail :Email. Login
webmail.au.syrahost.com
2020-03-31 15:49:55,965 :INFO : test_gmail :Sign in | Samsung Account
account.samsung.com › membership › auth › sign-in
2020-03-31 15:49:55,995 :INFO : test_gmail :
2020-03-31 15:49:56,015 :INFO : test_gmail :
2020-03-31 15:49:56,036 :INFO : test_gmail :
2020-03-31 15:49:56,078 :INFO : test_gmail :Yahoo - login
login.yahoo.com
2020-03-31 15:49:56,117 :INFO : test_gmail :How to login to a Gmail account on desktop or mobile ...
www.businessinsider.com › how-to-gmail-login
2020-03-31 15:57:10,971 :DEBUG : test_gmail :hello
2020-03-31 15:57:11,171 :INFO : test_gmail :length of the .. 0
2020-03-31 15:57:18,155 :INFO : test_gmail :total elements s of the .. 13
2020-03-31 15:57:18,184 :INFO : test_gmail :LOGIN Google - Sign in - Google Accounts
accounts.google.com › servicelogin
2020-03-31 15:57:18,209 :INFO : test_gmail :Gmail - Google
www.google.com › gmail
2020-03-31 15:57:18,233 :INFO : test_gmail :Sign in to Gmail - Computer - Gmail Help - Google Support
support.google.com › mail › answer
2020-03-31 15:57:18,256 :INFO : test_gmail :Sign in to Gmail - Android - Gmail Help - Google Support
support.google.com › mail › answer
2020-03-31 15:57:18,280 :INFO : test_gmail :Google Account
account.google.com
2020-03-31 15:57:18,304 :INFO : test_gmail :Sign In
account.e.jimdo.com
2020-03-31 15:57:18,340 :INFO : test_gmail :Email. Login
webmail.au.syrahost.com
2020-03-31 15:57:18,369 :INFO : test_gmail :Sign in | Samsung Account
account.samsung.com › membership › auth › sign-in
2020-03-31 15:57:18,387 :INFO : test_gmail :
2020-03-31 15:57:18,405 :INFO : test_gmail :
2020-03-31 15:57:18,421 :INFO : test_gmail :
2020-03-31 15:57:18,449 :INFO : test_gmail :Yahoo - login
login.yahoo.com
2020-03-31 15:57:18,471 :INFO : test_gmail :How to login to a Gmail account on desktop or mobile ...
www.businessinsider.com › how-to-gmail-login
2020-03-31 15:58:07,180 :DEBUG : test_gmail :hello
2020-03-31 15:58:07,459 :INFO : test_gmail :length of the .. 0
2020-03-31 15:58:26,234 :INFO : test_gmail :total elements s of the .. 14
2020-03-31 15:58:26,263 :INFO : test_gmail :LOGIN Google - Sign in - Google Accounts
accounts.google.com › servicelogin
2020-03-31 15:58:26,289 :INFO : test_gmail :Gmail - Google
www.google.com › gmail
2020-03-31 15:58:26,341 :INFO : test_gmail :Sign in to Gmail - Computer - Gmail Help - Google Support
support.google.com › mail › answer
2020-03-31 15:58:26,398 :INFO : test_gmail :Sign in to Gmail - Android - Gmail Help - Google Support
support.google.com › mail › answer
2020-03-31 15:58:26,463 :INFO : test_gmail :Google Account
account.google.com
2020-03-31 15:58:26,487 :INFO : test_gmail :Sign In
account.e.jimdo.com
2020-03-31 15:58:26,514 :INFO : test_gmail :Email. Login
webmail.au.syrahost.com
2020-03-31 15:58:26,530 :INFO : test_gmail :
2020-03-31 15:58:26,545 :INFO : test_gmail :
2020-03-31 15:58:26,563 :INFO : test_gmail :
2020-03-31 15:58:26,580 :INFO : test_gmail :
2020-03-31 15:58:26,609 :INFO : test_gmail :Sign in | Samsung Account
account.samsung.com › membership › auth › sign-in
2020-03-31 15:58:26,643 :INFO : test_gmail :Yahoo - login
login.yahoo.com
2020-03-31 15:58:26,668 :INFO : test_gmail :How to login to a Gmail account on desktop or mobile ...
www.businessinsider.com › how-to-gmail-login
2020-03-31 15:59:08,734 :DEBUG : test_gmail :hello
2020-03-31 15:59:08,987 :INFO : test_gmail :length of the .. 0
2020-03-31 15:59:23,671 :INFO : test_gmail :total elements s of the .. 14
2020-03-31 15:59:23,759 :INFO : test_gmail :LOGIN Google - Sign in - Google Accounts
accounts.google.com › servicelogin
2020-03-31 15:59:24,009 :INFO : test_gmail :Gmail - Google
www.google.com › gmail
2020-03-31 15:59:24,050 :INFO : test_gmail :
2020-03-31 15:59:24,091 :INFO : test_gmail :
2020-03-31 15:59:24,120 :INFO : test_gmail :
2020-03-31 15:59:24,143 :INFO : test_gmail :
2020-03-31 15:59:24,194 :INFO : test_gmail :Sign in to Gmail - Computer - Gmail Help - Google Support
support.google.com › mail › answer
2020-03-31 15:59:24,232 :INFO : test_gmail :Sign in to Gmail - Android - Gmail Help - Google Support
support.google.com › mail › answer
2020-03-31 15:59:24,260 :INFO : test_gmail :Google Account
account.google.com
2020-03-31 15:59:24,287 :INFO : test_gmail :Sign In
account.e.jimdo.com
2020-03-31 15:59:24,400 :INFO : test_gmail :Email. Login
webmail.au.syrahost.com
2020-03-31 15:59:24,594 :INFO : test_gmail :Sign in | Samsung Account
account.samsung.com › membership › auth › sign-in
2020-03-31 15:59:24,688 :INFO : test_gmail :Yahoo - login
login.yahoo.com
2020-03-31 15:59:24,802 :INFO : test_gmail :How to login to a Gmail account on desktop or mobile ...
www.businessinsider.com › how-to-gmail-login
2020-03-31 16:01:52,270 :DEBUG : test_gmail :hello
2020-03-31 16:01:52,615 :INFO : test_gmail :length of the .. 0
2020-03-31 16:02:01,253 :INFO : test_gmail :total elements s of the .. 13
2020-03-31 16:02:01,286 :INFO : test_gmail :LOGIN Google - Sign in - Google Accounts
accounts.google.com › servicelogin
2020-03-31 16:02:01,320 :INFO : test_gmail :Gmail - Google
www.google.com › gmail
2020-03-31 16:02:01,351 :INFO : test_gmail :Sign in to Gmail - Computer - Gmail Help - Google Support
support.google.com › mail › answer
2020-03-31 16:02:01,382 :INFO : test_gmail :Sign in to Gmail - Android - Gmail Help - Google Support
support.google.com › mail › answer
2020-03-31 16:02:01,411 :INFO : test_gmail :Google Account
account.google.com
2020-03-31 16:02:01,451 :INFO : test_gmail :Sign In
account.e.jimdo.com
2020-03-31 16:02:01,486 :INFO : test_gmail :Email. Login
webmail.au.syrahost.com
2020-03-31 16:02:01,520 :INFO : test_gmail :Sign in | Samsung Account
account.samsung.com › membership › auth › sign-in
2020-03-31 16:02:01,539 :INFO : test_gmail :
2020-03-31 16:02:01,558 :INFO : test_gmail :
2020-03-31 16:02:01,580 :INFO : test_gmail :
2020-03-31 16:02:01,610 :INFO : test_gmail :Yahoo - login
login.yahoo.com
2020-03-31 16:02:01,642 :INFO : test_gmail :How to login to a Gmail account on desktop or mobile ...
www.businessinsider.com › how-to-gmail-login
